\BOOKMARK [0][-]{figure.caption.1}{\376\377\000-\0000\000.\0001\0002\000i\000n\000B\000l\000u\000e\000I\000n\000t\000r\000o\000d\000u\000c\000t\000i\000o\000n\000\040\000g\000\351\000n\000\351\000r\000a\000l\000e}{}% 1
\BOOKMARK [0][-]{figure.caption.1}{\376\377\000B\000l\000u\000e\000C\000h\000a\000p\000i\000t\000r\000e\000\040\000I\000\040\000:\000\040\000\311\000t\000u\000d\000e\000\040\000G\000\351\000n\000\351\000r\000a\000l}{}% 2
\BOOKMARK [1][-]{section.0.1}{\376\377\000I\000n\000t\000r\000o\000d\000u\000c\000t\000i\000o\000n}{figure.caption.1}% 3
\BOOKMARK [1][-]{section.0.2}{\376\377\000P\000r\000o\000g\000r\000a\000m\000m\000a\000t\000i\000o\000n\000\040\000o\000r\000i\000e\000n\000t\000\351\000e\000\040\000c\000o\000m\000p\000o\000s\000a\000n\000t\000s}{figure.caption.1}% 4
\BOOKMARK [2][-]{subsection.0.2.1}{\376\377\000D\000\351\000f\000i\000n\000i\000t\000i\000o\000n}{section.0.2}% 5
\BOOKMARK [2][-]{subsection.0.2.2}{\376\377\000L\000a\000\040\000s\000t\000r\000u\000c\000t\000u\000r\000e\000\040\000d\040\031\000u\000n\000\040\000c\000o\000m\000p\000o\000s\000a\000n\000t}{section.0.2}% 6
\BOOKMARK [2][-]{subsection.0.2.3}{\376\377\000L\000e\000s\000\040\000a\000v\000a\000n\000t\000a\000g\000e\000s\000\040\000d\000e\000\040\000l\000a\000\040\000p\000r\000o\000g\000r\000a\000m\000m\000a\000t\000i\000o\000n\000\040\000o\000r\000i\000e\000n\000t\000\351\000e\000\040\000c\000o\000m\000p\000o\000s\000a\000n\000t\000s}{section.0.2}% 7
\BOOKMARK [2][-]{subsection.0.2.4}{\376\377\000L\000e\000s\000\040\000i\000n\000c\000o\000n\000v\000\351\000n\000i\000e\000n\000t\000s\000\040\000d\000e\000\040\000l\000a\000\040\000p\000r\000o\000g\000r\000a\000m\000m\000a\000t\000i\000o\000n\000\040\000o\000r\000i\000e\000n\000t\000\351\000e\000\040\000c\000o\000m\000p\000o\000s\000a\000n\000t\000s}{section.0.2}% 8
\BOOKMARK [2][-]{subsection.0.2.5}{\376\377\000L\000e\000s\000\040\000m\000o\000d\000\350\000l\000e\000s\000\040\000\340\000\040\000c\000o\000m\000p\000o\000s\000a\000n\000t\000s}{section.0.2}% 9
\BOOKMARK [1][-]{section.0.3}{\376\377\000J\000a\000v\000a\000S\000c\000r\000i\000p\000t}{figure.caption.1}% 10
\BOOKMARK [2][-]{subsection.0.3.1}{\376\377\000D\000\351\000f\000i\000n\000i\000t\000i\000o\000n}{section.0.3}% 11
\BOOKMARK [2][-]{subsection.0.3.2}{\376\377\000B\000i\000b\000l\000i\000o\000t\000h\000\350\000q\000u\000e\000s\000\040\000e\000t\000\040\000F\000r\000a\000m\000e\000w\000o\000r\000k\000s}{section.0.3}% 12
\BOOKMARK [2][-]{subsection.0.3.3}{\376\377\000R\000e\000a\000c\000t\000J\000S}{section.0.3}% 13
\BOOKMARK [1][-]{section.0.4}{\376\377\000N\000e\000x\000t\000J\000S}{figure.caption.1}% 14
\BOOKMARK [2][-]{subsection.0.4.1}{\376\377\000D\000\351\000f\000i\000n\000i\000t\000i\000o\000n}{section.0.4}% 15
\BOOKMARK [2][-]{subsection.0.4.2}{\376\377\000P\000o\000u\000r\000q\000u\000o\000i\000\040\000N\000e\000x\000t\000J\000S\000\240\000?}{section.0.4}% 16
\BOOKMARK [2][-]{subsection.0.4.3}{\376\377\000L\000e\000s\000\040\000c\000a\000r\000a\000c\000t\000\351\000r\000i\000s\000t\000i\000q\000u\000e\000s\000\040\000d\000e\000\040\000N\000e\000x\000t\000J\000S}{section.0.4}% 17
\BOOKMARK [1][-]{section.0.5}{\376\377\000C\000o\000n\000c\000l\000u\000s\000i\000o\000n}{figure.caption.1}% 18
\BOOKMARK [0][-]{section.0.5}{\376\377\000B\000l\000u\000e\000C\000h\000a\000p\000i\000t\000r\000e\000\040\000I\000I\000\040\000:\000\040\000A\000n\000a\000l\000y\000s\000e\000\040\000e\000t\000\040\000C\000o\000n\000c\000e\000p\000t\000i\000o\000n}{}% 19
\BOOKMARK [1][-]{section.0.1}{\376\377\000I\000n\000t\000r\000o\000d\000u\000c\000t\000i\000o\000n}{section.0.5}% 20
\BOOKMARK [1][-]{section.0.2}{\376\377\000L\000'\000o\000b\000j\000e\000c\000t\000i\000f}{section.0.5}% 21
\BOOKMARK [1][-]{section.0.3}{\376\377\000S\000p\000\351\000c\000i\000f\000i\000c\000a\000t\000i\000o\000n\000\040\000d\000e\000s\000\040\000b\000e\000s\000o\000i\000n\000s}{section.0.5}% 22
\BOOKMARK [2][-]{subsection.0.3.1}{\376\377\000L\000e\000s\000\040\000b\000e\000s\000o\000i\000n\000s\000\040\000f\000o\000n\000c\000t\000i\000o\000n\000n\000e\000l\000s}{section.0.3}% 23
\BOOKMARK [2][-]{subsection.0.3.2}{\376\377\000L\000e\000s\000\040\000b\000e\000s\000o\000i\000n\000s\000\040\000n\000o\000n\000-\000f\000o\000n\000c\000t\000i\000o\000n\000n\000e\000l\000s}{section.0.3}% 24
\BOOKMARK [1][-]{section.0.4}{\376\377\000L\000a\000n\000g\000a\000g\000e\000\040\000d\000e\000\040\000m\000o\000d\000\351\000l\000i\000s\000a\000t\000i\000o\000n}{section.0.5}% 25
\BOOKMARK [2][-]{subsection.0.4.1}{\376\377\000U\000M\000L}{section.0.4}% 26
\BOOKMARK [1][-]{section*.4}{\376\377\000L\000e\000s\000\040\000d\000i\000a\000g\000r\000a\000m\000m\000e\000s\000\040\000u\000t\000i\000l\000i\000s\000\351\000s}{section.0.5}% 27
\BOOKMARK [1][-]{section.0.6}{\376\377\000D\000i\000a\000g\000r\000a\000m\000m\000e\000\040\000d\000e\000\040\000C\000a\000s\000\040\000d\000'\000u\000t\000i\000l\000i\000s\000a\000t\000i\000o\000n}{section.0.5}% 28
\BOOKMARK [2][-]{subsection.0.6.1}{\376\377\000D\000\351\000f\000i\000n\000i\000t\000i\000o\000n}{section.0.6}% 29
\BOOKMARK [2][-]{subsection.0.6.2}{\376\377\000I\000d\000e\000n\000t\000i\000f\000i\000c\000a\000t\000i\000o\000n\000s\000\040\000d\000e\000s\000\040\000a\000c\000t\000e\000u\000r\000s}{section.0.6}% 30
\BOOKMARK [2][-]{subsection.0.6.3}{\376\377\000I\000d\000e\000n\000t\000i\000f\000i\000c\000a\000t\000i\000o\000n\000\040\000d\000e\000s\000\040\000c\000a\000s\000\040\000d\040\031\000u\000t\000i\000l\000i\000s\000a\000t\000i\000o\000n}{section.0.6}% 31
\BOOKMARK [2][-]{subsection.0.6.4}{\376\377\000D\000i\000a\000g\000r\000a\000m\000m\000e\000\040\000d\000e\000\040\000c\000a\000s\000\040\000d\040\031\000u\000t\000i\000l\000i\000s\000a\000t\000i\000o\000n\000\040\000g\000\351\000n\000\351\000r\000a\000l}{section.0.6}% 32
\BOOKMARK [1][-]{section.0.7}{\376\377\000D\000i\000a\000g\000r\000a\000m\000m\000e\000\040\000d\000e\000s\000\040\000c\000o\000m\000p\000o\000s\000a\000n\000t\000s}{section.0.5}% 33
\BOOKMARK [2][-]{subsection.0.7.1}{\376\377\000D\000\351\000f\000i\000n\000i\000t\000i\000o\000n}{section.0.7}% 34
\BOOKMARK [2][-]{subsection.0.7.2}{\376\377\000D\000i\000a\000g\000r\000a\000m\000m\000e\000\040\000d\000e\000s\000\040\000c\000o\000m\000p\000o\000s\000a\000n\000t\000s\000\040\000g\000\351\000n\000\351\000r\000a\000l}{section.0.7}% 35
\BOOKMARK [1][-]{section.0.8}{\376\377\000D\000i\000a\000g\000r\000a\000m\000m\000e\000s\000\040\000d\000e\000\040\000d\000\351\000p\000l\000o\000i\000e\000m\000e\000n\000t}{section.0.5}% 36
\BOOKMARK [2][-]{subsection.0.8.1}{\376\377\000D\000\351\000f\000i\000n\000i\000t\000i\000o\000n}{section.0.8}% 37
\BOOKMARK [2][-]{subsection.0.8.2}{\376\377\000D\000i\000a\000g\000r\000a\000m\000m\000e\000\040\000d\000e\000\040\000d\000\351\000p\000l\000o\000i\000e\000m\000e\000n\000t}{section.0.8}% 38
\BOOKMARK [1][-]{section.0.9}{\376\377\000C\000o\000n\000c\000l\000u\000s\000i\000o\000n}{section.0.5}% 39
\BOOKMARK [0][-]{section.0.9}{\376\377\000B\000l\000u\000e\000C\000h\000a\000p\000i\000t\000r\000e\000\040\000I\000I\000I\000\040\000:\000\040\000I\000m\000p\000l\000\351\000m\000e\000n\000t\000a\000t\000i\000o\000n}{}% 40
\BOOKMARK [1][-]{section.0.1}{\376\377\000I\000n\000t\000r\000o\000d\000u\000c\000t\000i\000o\000n}{section.0.9}% 41
\BOOKMARK [1][-]{section.0.2}{\376\377\000L\040\031\000e\000n\000v\000i\000r\000o\000n\000n\000e\000m\000e\000n\000t\000\040\000m\000a\000t\000\351\000r\000i\000e\000l}{section.0.9}% 42
\BOOKMARK [1][-]{section.0.3}{\376\377\000L\040\031\000e\000n\000v\000i\000r\000o\000n\000n\000e\000m\000e\000n\000t\000\040\000l\000o\000g\000i\000c\000i\000e\000l}{section.0.9}% 43
\BOOKMARK [2][-]{subsection.0.3.1}{\376\377\000V\000i\000s\000u\000a\000l\000\040\000s\000t\000u\000d\000i\000o\000\040\000C\000o\000d\000e}{section.0.3}% 44
\BOOKMARK [2][-]{subsection.0.3.2}{\376\377\000N\000e\000o\000v\000i\000m}{section.0.3}% 45
\BOOKMARK [2][-]{subsection.0.3.3}{\376\377\000V\000i\000s\000u\000a\000l\000\040\000P\000a\000r\000a\000d\000i\000g\000m\000e}{section.0.3}% 46
\BOOKMARK [2][-]{subsection.0.3.4}{\376\377\000J\000a\000v\000a\000S\000c\000r\000i\000p\000t}{section.0.3}% 47
\BOOKMARK [2][-]{subsection.0.3.5}{\376\377\000R\000e\000a\000c\000t}{section.0.3}% 48
\BOOKMARK [2][-]{subsection.0.3.6}{\376\377\000N\000e\000x\000t\000J\000s}{section.0.3}% 49
\BOOKMARK [2][-]{subsection.0.3.7}{\376\377\000C\000h\000a\000k\000r\000a\000U\000i}{section.0.3}% 50
\BOOKMARK [1][-]{section.0.4}{\376\377\000E\000x\000p\000o\000s\000i\000t\000i\000o\000n\000\040\000d\000e\000\040\000t\000r\000a\000v\000a\000i\000l\000\040\000r\000\351\000a\000l\000i\000s\000\351}{section.0.9}% 51
\BOOKMARK [1][-]{section.0.5}{\376\377\000C\000o\000n\000c\000l\000u\000s\000i\000o\000n}{section.0.9}% 52
\BOOKMARK [0][-]{section.0.5}{\376\377\000-\0000\000.\0001\0002\000i\000n\000B\000l\000u\000e\000C\000o\000n\000c\000l\000u\000s\000i\000o\000n\000\040\000g\000\351\000n\000\351\000r\000a\000l\000e}{}% 53
